2022-08-09T07:59:27.763Z [right meow!] info: HTTP OPTIONS /userDB
2022-08-09T07:59:27.790Z [right meow!] info: HTTP POST /userDB
2022-08-09T07:59:27.794Z [right meow!] info: HTTP OPTIONS /projectDB
2022-08-09T07:59:27.799Z [right meow!] info: HTTP POST /projectDB
2022-08-09T07:59:27.803Z [right meow!] info: HTTP POST /projectDB
2022-08-09T08:00:52.601Z [right meow!] info: HTTP OPTIONS /userDB
2022-08-09T08:00:52.640Z [right meow!] info: HTTP OPTIONS /projectDB
2022-08-09T08:00:52.645Z [right meow!] info: HTTP OPTIONS /projectDB
2022-08-09T08:00:57.895Z [right meow!] info: HTTP OPTIONS /userDB
2022-08-09T08:01:02.341Z [right meow!] info: HTTP OPTIONS /userDB
2022-08-09T08:01:05.567Z [right meow!] info: HTTP OPTIONS /userDB
2022-08-09T08:01:05.582Z [right meow!] info: HTTP POST /userDB
2022-08-09T08:01:05.651Z [right meow!] info: HTTP OPTIONS /projectDB
2022-08-09T08:01:05.658Z [right meow!] info: HTTP POST /projectDB
2022-08-09T08:01:05.692Z [right meow!] info: HTTP POST /projectDB
2022-08-09T08:01:09.658Z [right meow!] info: HTTP POST /userDB
2022-08-09T08:01:09.671Z [right meow!] info: HTTP POST /userDB
2022-08-09T08:01:12.129Z [right meow!] info: HTTP OPTIONS /userDB
2022-08-09T08:01:12.147Z [right meow!] info: HTTP POST /userDB
2022-08-09T08:01:13.479Z [right meow!] info: HTTP POST /userDB
2022-08-09T08:01:13.500Z [right meow!] info: HTTP OPTIONS /projectDB
2022-08-09T08:01:13.509Z [right meow!] info: HTTP POST /projectDB
2022-08-09T08:01:13.519Z [right meow!] info: HTTP POST /projectDB
2022-08-09T08:01:17.508Z [right meow!] info: HTTP POST /projectDB
2022-08-09T08:01:20.932Z [right meow!] info: HTTP OPTIONS /taskDB
2022-08-09T08:01:20.938Z [right meow!] info: HTTP POST /taskDB
2022-08-09T08:01:26.355Z [right meow!] info: HTTP OPTIONS /taskDB
2022-08-09T08:01:26.364Z [right meow!] info: HTTP POST /taskDB
2022-08-09T08:01:28.604Z [right meow!] info: HTTP POST /taskDB
2022-08-09T08:01:30.951Z [right meow!] info: HTTP POST /taskDB
2022-08-09T08:01:33.009Z [right meow!] info: HTTP OPTIONS /userDB
2022-08-09T08:01:33.020Z [right meow!] info: HTTP POST /userDB
2022-08-09T08:01:33.024Z [right meow!] info: HTTP OPTIONS /projectDB
2022-08-09T08:01:33.029Z [right meow!] info: HTTP POST /projectDB
2022-08-09T08:01:33.039Z [right meow!] info: HTTP POST /projectDB
2022-08-09T08:01:33.045Z [right meow!] info: HTTP POST /projectDB
2022-08-09T08:01:33.050Z [right meow!] info: HTTP OPTIONS /taskDB
2022-08-09T08:01:33.053Z [right meow!] info: HTTP POST /taskDB
2022-08-09T08:01:33.057Z [right meow!] info: HTTP POST /taskDB
2022-08-09T08:01:35.303Z [right meow!] info: HTTP POST /projectDB
2022-08-09T08:01:38.283Z [right meow!] info: HTTP OPTIONS /taskDB
2022-08-09T08:01:38.289Z [right meow!] info: HTTP POST /taskDB
2022-08-09T08:01:39.827Z [right meow!] info: HTTP OPTIONS /userDB
2022-08-09T08:01:39.839Z [right meow!] info: HTTP POST /userDB
2022-08-09T08:01:39.849Z [right meow!] info: HTTP OPTIONS /projectDB
2022-08-09T08:01:39.854Z [right meow!] info: HTTP POST /projectDB
2022-08-09T08:01:39.866Z [right meow!] info: HTTP POST /projectDB
2022-08-09T08:01:39.875Z [right meow!] info: HTTP POST /projectDB
2022-08-09T08:01:39.881Z [right meow!] info: HTTP POST /taskDB
2022-08-09T08:01:39.886Z [right meow!] info: HTTP POST /taskDB
2022-08-09T08:01:39.890Z [right meow!] info: HTTP POST /projectDB
2022-08-09T08:01:39.893Z [right meow!] info: HTTP POST /taskDB
2022-08-09T08:01:50.748Z [right meow!] info: HTTP OPTIONS /userDB
2022-08-09T08:01:50.756Z [right meow!] info: HTTP POST /userDB
2022-08-09T08:01:50.764Z [right meow!] info: HTTP OPTIONS /projectDB
2022-08-09T08:01:50.772Z [right meow!] info: HTTP POST /projectDB
2022-08-09T08:01:50.779Z [right meow!] info: HTTP POST /projectDB
2022-08-09T08:01:50.786Z [right meow!] info: HTTP POST /projectDB
2022-08-09T08:01:50.791Z [right meow!] info: HTTP OPTIONS /taskDB
2022-08-09T08:01:50.794Z [right meow!] info: HTTP POST /taskDB
2022-08-09T08:01:50.799Z [right meow!] info: HTTP POST /taskDB
2022-08-09T08:01:50.803Z [right meow!] info: HTTP POST /projectDB
2022-08-09T08:01:50.807Z [right meow!] info: HTTP POST /taskDB
2022-08-09T08:01:53.171Z [right meow!] info: HTTP POST /userDB
2022-08-09T08:01:53.182Z [right meow!] info: HTTP POST /projectDB
2022-08-09T08:01:53.202Z [right meow!] info: HTTP POST /projectDB
2022-08-09T08:01:53.214Z [right meow!] info: HTTP POST /projectDB
2022-08-09T08:01:53.220Z [right meow!] info: HTTP POST /taskDB
2022-08-09T08:01:53.228Z [right meow!] info: HTTP POST /taskDB
2022-08-09T08:01:53.234Z [right meow!] info: HTTP POST /projectDB
2022-08-09T08:01:53.238Z [right meow!] info: HTTP POST /taskDB
2022-08-09T08:01:57.133Z [right meow!] info: HTTP OPTIONS /userDB
2022-08-09T08:01:57.153Z [right meow!] info: HTTP POST /userDB
2022-08-09T08:01:57.161Z [right meow!] info: HTTP OPTIONS /projectDB
2022-08-09T08:01:57.166Z [right meow!] info: HTTP POST /projectDB
2022-08-09T08:01:57.172Z [right meow!] info: HTTP POST /projectDB
2022-08-09T08:01:59.404Z [right meow!] info: HTTP POST /userDB
2022-08-09T08:02:00.773Z [right meow!] info: HTTP POST /userDB
2022-08-09T08:02:00.793Z [right meow!] info: HTTP POST /projectDB
2022-08-09T08:02:00.797Z [right meow!] info: HTTP POST /projectDB
2022-08-09T08:02:00.802Z [right meow!] info: HTTP POST /projectDB
2022-08-09T08:02:00.810Z [right meow!] info: HTTP OPTIONS /taskDB
2022-08-09T08:02:00.814Z [right meow!] info: HTTP POST /taskDB
2022-08-09T08:02:00.818Z [right meow!] info: HTTP POST /taskDB
2022-08-09T08:02:11.332Z [right meow!] info: HTTP OPTIONS /taskDB
2022-08-09T08:02:11.335Z [right meow!] info: HTTP POST /taskDB
2022-08-09T08:02:11.565Z [right meow!] info: HTTP POST /taskDB
2022-08-09T08:02:12.302Z [right meow!] info: HTTP POST /taskDB
2022-08-09T08:02:12.304Z [right meow!] info: HTTP OPTIONS /milestoneDB
2022-08-09T08:02:12.452Z [right meow!] info: HTTP POST /taskDB
2022-08-09T08:03:03.326Z [right meow!] info: HTTP OPTIONS /taskDB
2022-08-09T08:03:03.333Z [right meow!] info: HTTP POST /taskDB
2022-08-09T08:03:04.259Z [right meow!] info: HTTP POST /taskDB
2022-08-09T08:03:35.941Z [right meow!] info: HTTP OPTIONS /taskDB
2022-08-09T08:03:35.950Z [right meow!] info: HTTP POST /taskDB
2022-08-09T08:04:17.650Z [right meow!] info: HTTP OPTIONS /userDB
2022-08-09T08:04:17.657Z [right meow!] info: HTTP POST /userDB
2022-08-09T08:04:17.665Z [right meow!] info: HTTP OPTIONS /projectDB
2022-08-09T08:04:17.668Z [right meow!] info: HTTP POST /projectDB
2022-08-09T08:04:17.674Z [right meow!] info: HTTP POST /projectDB
2022-08-09T08:04:17.679Z [right meow!] info: HTTP POST /projectDB
2022-08-09T08:04:17.683Z [right meow!] info: HTTP OPTIONS /taskDB
2022-08-09T08:04:17.685Z [right meow!] info: HTTP POST /taskDB
2022-08-09T08:04:17.689Z [right meow!] info: HTTP POST /taskDB
2022-08-09T08:04:17.693Z [right meow!] info: HTTP POST /taskDB
2022-08-09T08:04:17.697Z [right meow!] info: HTTP POST /taskDB
2022-08-09T08:04:19.074Z [right meow!] info: HTTP POST /userDB
2022-08-09T08:04:19.083Z [right meow!] info: HTTP POST /projectDB
2022-08-09T08:04:19.087Z [right meow!] info: HTTP POST /projectDB
2022-08-09T08:04:20.732Z [right meow!] info: HTTP POST /userDB
2022-08-09T08:04:22.133Z [right meow!] info: HTTP POST /userDB
2022-08-09T08:04:22.138Z [right meow!] info: HTTP POST /projectDB
2022-08-09T08:04:22.146Z [right meow!] info: HTTP POST /projectDB
2022-08-09T08:04:22.152Z [right meow!] info: HTTP POST /projectDB
2022-08-09T08:04:22.157Z [right meow!] info: HTTP POST /taskDB
2022-08-09T08:04:22.163Z [right meow!] info: HTTP POST /taskDB
2022-08-09T08:04:22.167Z [right meow!] info: HTTP POST /taskDB
2022-08-09T08:04:22.171Z [right meow!] info: HTTP POST /taskDB
2022-08-09T08:04:22.175Z [right meow!] info: HTTP POST /projectDB
2022-08-09T08:04:22.179Z [right meow!] info: HTTP POST /taskDB
2022-08-09T08:04:22.182Z [right meow!] info: HTTP POST /projectDB
2022-08-09T08:04:22.187Z [right meow!] info: HTTP POST /taskDB
2022-08-09T08:04:22.191Z [right meow!] info: HTTP POST /taskDB
2022-08-09T08:04:22.194Z [right meow!] info: HTTP POST /taskDB
2022-08-09T08:04:22.197Z [right meow!] info: HTTP POST /taskDB
2022-08-09T08:04:26.214Z [right meow!] info: HTTP OPTIONS /taskDB
2022-08-09T08:04:26.222Z [right meow!] info: HTTP POST /taskDB
2022-08-09T08:04:26.989Z [right meow!] info: HTTP POST /taskDB
2022-08-09T08:04:27.610Z [right meow!] info: HTTP POST /taskDB
2022-08-09T08:04:29.317Z [right meow!] info: HTTP OPTIONS /userDB
2022-08-09T08:04:29.323Z [right meow!] info: HTTP POST /userDB
2022-08-09T08:04:29.332Z [right meow!] info: HTTP OPTIONS /projectDB
2022-08-09T08:04:29.335Z [right meow!] info: HTTP POST /projectDB
2022-08-09T08:04:29.339Z [right meow!] info: HTTP POST /projectDB
2022-08-09T08:04:29.344Z [right meow!] info: HTTP POST /projectDB
2022-08-09T08:04:29.353Z [right meow!] info: HTTP POST /taskDB
2022-08-09T08:04:29.356Z [right meow!] info: HTTP POST /taskDB
2022-08-09T08:04:29.362Z [right meow!] info: HTTP POST /taskDB
2022-08-09T08:04:29.369Z [right meow!] info: HTTP POST /taskDB
2022-08-09T08:04:29.373Z [right meow!] info: HTTP POST /projectDB
2022-08-09T08:04:29.379Z [right meow!] info: HTTP POST /taskDB
2022-08-09T08:04:29.385Z [right meow!] info: HTTP POST /projectDB
2022-08-09T08:04:29.390Z [right meow!] info: HTTP POST /taskDB
2022-08-09T08:04:29.395Z [right meow!] info: HTTP POST /taskDB
2022-08-09T08:04:29.399Z [right meow!] info: HTTP POST /taskDB
2022-08-09T08:04:29.404Z [right meow!] info: HTTP POST /taskDB
2022-08-09T08:04:30.142Z [right meow!] info: HTTP POST /taskDB
2022-08-09T08:04:30.145Z [right meow!] info: HTTP OPTIONS /milestoneDB
2022-08-09T08:04:30.160Z [right meow!] info: HTTP POST /milestoneDB
2022-08-09T08:04:32.426Z [right meow!] info: HTTP POST /userDB
2022-08-09T08:04:32.434Z [right meow!] info: HTTP POST /projectDB
2022-08-09T08:04:32.439Z [right meow!] info: HTTP POST /projectDB
2022-08-09T08:04:32.443Z [right meow!] info: HTTP POST /projectDB
2022-08-09T08:04:32.449Z [right meow!] info: HTTP POST /projectDB
2022-08-09T08:04:32.452Z [right meow!] info: HTTP OPTIONS /taskDB
2022-08-09T08:04:32.454Z [right meow!] info: HTTP POST /taskDB
2022-08-09T08:04:33.781Z [right meow!] info: HTTP POST /projectDB
2022-08-09T08:04:37.739Z [right meow!] info: HTTP OPTIONS /taskDB
2022-08-09T08:04:37.740Z [right meow!] info: HTTP OPTIONS /milestoneDB
2022-08-09T08:04:37.744Z [right meow!] info: HTTP POST /taskDB
2022-08-09T08:04:37.751Z [right meow!] info: HTTP POST /milestoneDB
2022-08-09T08:05:12.848Z [right meow!] info: HTTP OPTIONS /userDB
2022-08-09T08:05:12.851Z [right meow!] info: HTTP POST /userDB
2022-08-09T08:05:12.857Z [right meow!] info: HTTP OPTIONS /projectDB
2022-08-09T08:05:12.860Z [right meow!] info: HTTP POST /projectDB
2022-08-09T08:05:12.867Z [right meow!] info: HTTP POST /projectDB
2022-08-09T08:05:16.516Z [right meow!] info: HTTP POST /userDB
2022-08-09T08:05:17.792Z [right meow!] info: HTTP POST /userDB
2022-08-09T08:05:17.808Z [right meow!] info: HTTP POST /projectDB
2022-08-09T08:05:17.816Z [right meow!] info: HTTP POST /projectDB
2022-08-09T08:05:17.823Z [right meow!] info: HTTP POST /projectDB
2022-08-09T08:05:21.717Z [right meow!] info: HTTP OPTIONS /userDB
2022-08-09T08:05:21.723Z [right meow!] info: HTTP POST /userDB
2022-08-09T08:05:21.730Z [right meow!] info: HTTP OPTIONS /projectDB
2022-08-09T08:05:21.736Z [right meow!] info: HTTP POST /projectDB
2022-08-09T08:05:21.740Z [right meow!] info: HTTP POST /projectDB
2022-08-09T08:05:26.592Z [right meow!] info: HTTP POST /userDB
2022-08-09T08:05:28.075Z [right meow!] info: HTTP OPTIONS /userDB
2022-08-09T08:05:28.079Z [right meow!] info: HTTP POST /userDB
2022-08-09T08:05:28.087Z [right meow!] info: HTTP OPTIONS /projectDB
2022-08-09T08:05:28.091Z [right meow!] info: HTTP POST /projectDB
2022-08-09T08:05:28.095Z [right meow!] info: HTTP POST /projectDB
2022-08-09T08:05:30.354Z [right meow!] info: HTTP POST /userDB
2022-08-09T08:05:30.362Z [right meow!] info: HTTP POST /projectDB
2022-08-09T08:05:30.366Z [right meow!] info: HTTP POST /projectDB
2022-08-09T08:05:31.906Z [right meow!] info: HTTP POST /userDB
2022-08-09T08:05:33.297Z [right meow!] info: HTTP OPTIONS /userDB
2022-08-09T08:05:33.300Z [right meow!] info: HTTP POST /userDB
2022-08-09T08:05:33.308Z [right meow!] info: HTTP OPTIONS /projectDB
2022-08-09T08:05:33.313Z [right meow!] info: HTTP POST /projectDB
2022-08-09T08:05:33.317Z [right meow!] info: HTTP POST /projectDB
2022-08-09T08:05:33.326Z [right meow!] info: HTTP POST /projectDB
2022-08-09T08:05:36.660Z [right meow!] info: HTTP OPTIONS /milestoneDB
2022-08-09T08:05:36.671Z [right meow!] info: HTTP POST /milestoneDB
2022-08-09T08:07:37.664Z [right meow!] info: HTTP OPTIONS /taskDB
2022-08-09T08:07:37.677Z [right meow!] info: HTTP POST /taskDB
2022-08-09T08:08:27.664Z [right meow!] info: HTTP OPTIONS /taskDB
2022-08-09T08:08:27.665Z [right meow!] info: HTTP OPTIONS /milestoneDB
2022-08-09T08:08:27.672Z [right meow!] info: HTTP POST /taskDB
2022-08-09T08:08:27.678Z [right meow!] info: HTTP POST /milestoneDB
2022-08-09T08:08:32.013Z [right meow!] info: HTTP OPTIONS /userDB
2022-08-09T08:08:32.017Z [right meow!] info: HTTP POST /userDB
2022-08-09T08:08:32.028Z [right meow!] info: HTTP OPTIONS /projectDB
2022-08-09T08:08:32.030Z [right meow!] info: HTTP POST /projectDB
2022-08-09T08:08:32.035Z [right meow!] info: HTTP POST /projectDB
2022-08-09T08:08:34.227Z [right meow!] info: HTTP POST /userDB
2022-08-09T08:08:35.718Z [right meow!] info: HTTP POST /userDB
2022-08-09T08:08:35.761Z [right meow!] info: HTTP POST /projectDB
2022-08-09T08:08:35.797Z [right meow!] info: HTTP POST /projectDB
2022-08-09T08:08:35.802Z [right meow!] info: HTTP POST /projectDB
2022-08-09T08:08:39.415Z [right meow!] info: HTTP OPTIONS /projectDB
2022-08-09T08:08:39.422Z [right meow!] info: HTTP POST /projectDB
2022-08-09T08:12:18.036Z [right meow!] info: HTTP OPTIONS /userDB
2022-08-09T08:12:18.046Z [right meow!] info: HTTP POST /userDB
2022-08-09T08:12:18.049Z [right meow!] info: HTTP OPTIONS /projectDB
2022-08-09T08:12:18.052Z [right meow!] info: HTTP POST /projectDB
2022-08-09T08:12:18.055Z [right meow!] info: HTTP POST /projectDB
2022-08-10T05:25:11.839Z info: HTTP OPTIONS /userDB
2022-08-10T05:25:11.855Z info: HTTP OPTIONS /projectDB
2022-08-10T05:25:11.861Z info: HTTP OPTIONS /projectDB
2022-08-10T05:25:13.844Z info: HTTP OPTIONS /userDB
2022-08-10T05:25:16.834Z info: HTTP OPTIONS /userDB
2022-08-10T05:25:16.977Z info: HTTP POST /userDB
2022-08-10T05:25:16.982Z info: HTTP OPTIONS /projectDB
2022-08-10T05:25:16.989Z info: HTTP POST /projectDB
2022-08-10T05:25:16.995Z info: HTTP POST /projectDB
2022-08-10T05:25:18.775Z info: HTTP POST /userDB
2022-08-10T05:25:19.774Z info: HTTP POST /userDB
2022-08-10T05:25:19.784Z info: HTTP POST /projectDB
2022-08-10T05:25:19.793Z info: HTTP POST /projectDB
2022-08-10T05:25:22.821Z info: HTTP OPTIONS /projectDB
2022-08-10T05:25:22.828Z info: HTTP POST /projectDB
2022-08-10T05:25:24.984Z info: HTTP POST /projectDB
2022-08-10T05:25:39.833Z info: HTTP OPTIONS /projectDB
2022-08-10T05:25:39.840Z info: HTTP POST /projectDB
